[r.mobirisesite.com/720052/assets/images/g44cb0d272c133fb51015b4b95d57-h_m1ed4scb.jpg]
[backblue.gif]
[fade.gif]
[index.html]
[r.mobirisesite.com/720052/assets/images/photo-1605193905827-4457ee4b1-h_m1edxvre.jpg]
[r.mobirisesite.com/720052/assets/images/photo-1696526766413-e868cff6d-h_m1eea2uf.jpg]
[r.mobirisesite.com/720052/assets/images/photo-1446410320700-66a291be8daa.jpg]
[r.mobirisesite.com/720052/assets/images/photo-1414439265900-4d760860c8c9.jpg]
[r.mobirisesite.com/720052/assets/images/gd654c4f39a7a33645dd847bf585f-h_m1eeg2c9.jpg]
[r.mobirisesite.com/720052/assets/images/photo-1696526766413-e868cff6dcfa.jpg]
[r.mobirisesite.com/720052/assets/images/photo-1626899798511-c3eaacb02846.jpg]
[r.mobirisesite.com/720052/assets/images/photo-1629085265617-aa802730c749.jpg]
[r.mobirisesite.com/720052/assets/images/photo-1509988892867-8bf3ee9e3afa.jpg]
[r.mobirisesite.com/720052/assets/images/photo-1676385901160-a86dc9ccdfe1.jpg]
[r.mobirisesite.com/720052/assets/images/photo-1522091066250-665186289043.jpg]
[r.mobirisesite.com/720052/assets/images/photo-1653953893860-b8f756596132.jpg]
[r.mobirisesite.com/720052/assets/images/photo-1681415851723-dca11d0ec9a6.jpg]
[r.mobirisesite.com/720052/assets/images/photo-1529612700005-e35377bf1415.jpg]
[r.mobirisesite.com/720052/assets/images/photo-1651044450619-5ce74d316987.jpg]
[r.mobirisesite.com/720052/assets/images/photo-1596622723231-b20320c7346b.jpg]
[r.mobirisesite.com/720052/assets/images/photo-1606136968306-ab2868cc1f21.jpg]
[r.mobirisesite.com/720052/assets/images/photo-1554463529-e27854014799.jpg]
[r.mobirisesite.com/720052/assets/images/photo-1605193905827-4457ee4b1c66.jpg]
[720052.mobirisesite.com/index.html]
